[0.072s] DEBUG:colcon:Command line arguments: ['/usr/bin/colcon', 'build']
[0.072s] DEBUG:colcon:Parsed command line arguments: Namespace(log_base=None, log_level=None, verb_name='build', build_base='build', install_base='install', merge_install=False, symlink_install=False, test_result_base=None, continue_on_error=False, executor='parallel', parallel_workers=20, event_handlers=None, ignore_user_meta=False, metas=['./colcon.meta'], base_paths=['.'], packages_ignore=None, packages_ignore_regex=None, paths=None, packages_up_to=None, packages_up_to_regex=None, packages_above=None, packages_above_and_dependencies=None, packages_above_depth=None, packages_select_by_dep=None, packages_skip_by_dep=None, packages_skip_up_to=None, packages_select_build_failed=False, packages_skip_build_finished=False, packages_select_test_failures=False, packages_skip_test_passed=False, packages_select=None, packages_skip=None, packages_select_regex=None, packages_skip_regex=None, packages_start=None, packages_end=None, allow_overriding=[], cmake_args=None, cmake_target=None, cmake_target_skip_unavailable=False, cmake_clean_cache=False, cmake_clean_first=False, cmake_force_configure=False, ament_cmake_args=None, catkin_cmake_args=None, catkin_skip_building_tests=False, mixin_files=None, mixin=None, verb_parser=<colcon_mixin.mixin.mixin_argument.MixinArgumentDecorator object at 0x7f89e21e3790>, verb_extension=<colcon_core.verb.build.BuildVerb object at 0x7f89e2333f10>, main=<bound method BuildVerb.main of <colcon_core.verb.build.BuildVerb object at 0x7f89e2333f10>>, mixin_verb=('build',))
[0.189s] Level 1:colcon.colcon_core.package_discovery:discover_packages(colcon_meta) check parameters
[0.189s] Level 1:colcon.colcon_core.package_discovery:discover_packages(recursive) check parameters
[0.189s] Level 1:colcon.colcon_core.package_discovery:discover_packages(ignore) check parameters
[0.189s] Level 1:colcon.colcon_core.package_discovery:discover_packages(path) check parameters
[0.189s] Level 1:colcon.colcon_core.package_discovery:discover_packages(colcon_meta) discover
[0.189s] Level 1:colcon.colcon_core.package_discovery:discover_packages(recursive) discover
[0.189s] INFO:colcon.colcon_core.package_discovery:Crawling recursively for packages in '/home/kashif/SDR/Warehouse-Autonomous-Robot-System'
[0.189s] Level 1:colcon.colcon_core.package_identification:_identify(.) by extensions ['ignore', 'ignore_ament_install']
[0.189s] Level 1:colcon.colcon_core.package_identification:_identify(.) by extension 'ignore'
[0.189s] Level 1:colcon.colcon_core.package_identification:_identify(.) by extension 'ignore_ament_install'
[0.189s] Level 1:colcon.colcon_core.package_identification:_identify(.) by extensions ['colcon_pkg']
[0.189s] Level 1:colcon.colcon_core.package_identification:_identify(.) by extension 'colcon_pkg'
[0.189s] Level 1:colcon.colcon_core.package_identification:_identify(.) by extensions ['colcon_meta']
[0.189s] Level 1:colcon.colcon_core.package_identification:_identify(.) by extension 'colcon_meta'
[0.189s] Level 1:colcon.colcon_core.package_identification:_identify(.) by extensions ['ros']
[0.189s] Level 1:colcon.colcon_core.package_identification:_identify(.) by extension 'ros'
[0.197s] Level 1:colcon.colcon_core.package_identification:_identify(.) by extensions ['cmake', 'python']
[0.197s] Level 1:colcon.colcon_core.package_identification:_identify(.) by extension 'cmake'
[0.197s] Level 1:colcon.colcon_core.package_identification:_identify(.) by extension 'python'
[0.197s] Level 1:colcon.colcon_core.package_identification:_identify(.) by extensions ['python_setup_py']
[0.197s] Level 1:colcon.colcon_core.package_identification:_identify(.) by extension 'python_setup_py'
[0.197s] Level 1:colcon.colcon_core.package_identification:_identify(build) by extensions ['ignore', 'ignore_ament_install']
[0.197s] Level 1:colcon.colcon_core.package_identification:_identify(build) by extension 'ignore'
[0.197s] Level 1:colcon.colcon_core.package_identification:_identify(build) ignored
[0.197s] Level 1:colcon.colcon_core.package_identification:_identify(install) by extensions ['ignore', 'ignore_ament_install']
[0.197s] Level 1:colcon.colcon_core.package_identification:_identify(install) by extension 'ignore'
[0.197s] Level 1:colcon.colcon_core.package_identification:_identify(install) ignored
[0.197s] Level 1:colcon.colcon_core.package_identification:_identify(log) by extensions ['ignore', 'ignore_ament_install']
[0.197s] Level 1:colcon.colcon_core.package_identification:_identify(log) by extension 'ignore'
[0.197s] Level 1:colcon.colcon_core.package_identification:_identify(log) ignored
[0.197s] Level 1:colcon.colcon_core.package_identification:_identify(walker) by extensions ['ignore', 'ignore_ament_install']
[0.197s] Level 1:colcon.colcon_core.package_identification:_identify(walker) by extension 'ignore'
[0.197s] Level 1:colcon.colcon_core.package_identification:_identify(walker) by extension 'ignore_ament_install'
[0.197s] Level 1:colcon.colcon_core.package_identification:_identify(walker) by extensions ['colcon_pkg']
[0.197s] Level 1:colcon.colcon_core.package_identification:_identify(walker) by extension 'colcon_pkg'
[0.197s] Level 1:colcon.colcon_core.package_identification:_identify(walker) by extensions ['colcon_meta']
[0.197s] Level 1:colcon.colcon_core.package_identification:_identify(walker) by extension 'colcon_meta'
[0.198s] Level 1:colcon.colcon_core.package_identification:_identify(walker) by extensions ['ros']
[0.198s] Level 1:colcon.colcon_core.package_identification:_identify(walker) by extension 'ros'
[0.199s] DEBUG:colcon.colcon_core.package_identification:Package 'walker' with type 'ros.ament_cmake' and name 'walker'
[0.199s] Level 1:colcon.colcon_core.package_discovery:discover_packages(recursive) using defaults
[0.199s] Level 1:colcon.colcon_core.package_discovery:discover_packages(ignore) discover
[0.199s] Level 1:colcon.colcon_core.package_discovery:discover_packages(ignore) using defaults
[0.199s] Level 1:colcon.colcon_core.package_discovery:discover_packages(path) discover
[0.199s] Level 1:colcon.colcon_core.package_discovery:discover_packages(path) using defaults
[0.221s] Level 1:colcon.colcon_core.package_discovery:discover_packages(prefix_path) check parameters
[0.221s] Level 1:colcon.colcon_core.package_discovery:discover_packages(prefix_path) discover
[0.222s] WARNING:colcon.colcon_ros.prefix_path.ament:The path '/home/kashif/SDR/Warehouse-Autonomous-Robot-System/install/walker' in the environment variable AMENT_PREFIX_PATH doesn't exist
[0.222s] WARNING:colcon.colcon_ros.prefix_path.catkin:The path '/home/kashif/SDR/Warehouse-Autonomous-Robot-System/install/walker' in the environment variable CMAKE_PREFIX_PATH doesn't exist
[0.222s] DEBUG:colcon.colcon_installed_package_information.package_discovery:Found 0 installed packages in /home/kashif/SDR/Warehouse-Autonomous-Robot-System/install
[0.223s] DEBUG:colcon.colcon_installed_package_information.package_discovery:Found 403 installed packages in /opt/ros/humble
[0.225s] Level 1:colcon.colcon_core.package_discovery:discover_packages(prefix_path) using defaults
[0.254s] Level 5:colcon.colcon_core.verb:set package 'walker' build argument 'cmake_args' from command line to 'None'
[0.254s] Level 5:colcon.colcon_core.verb:set package 'walker' build argument 'cmake_target' from command line to 'None'
[0.254s] Level 5:colcon.colcon_core.verb:set package 'walker' build argument 'cmake_target_skip_unavailable' from command line to 'False'
[0.254s] Level 5:colcon.colcon_core.verb:set package 'walker' build argument 'cmake_clean_cache' from command line to 'False'
[0.254s] Level 5:colcon.colcon_core.verb:set package 'walker' build argument 'cmake_clean_first' from command line to 'False'
[0.254s] Level 5:colcon.colcon_core.verb:set package 'walker' build argument 'cmake_force_configure' from command line to 'False'
[0.254s] Level 5:colcon.colcon_core.verb:set package 'walker' build argument 'ament_cmake_args' from command line to 'None'
[0.254s] Level 5:colcon.colcon_core.verb:set package 'walker' build argument 'catkin_cmake_args' from command line to 'None'
[0.254s] Level 5:colcon.colcon_core.verb:set package 'walker' build argument 'catkin_skip_building_tests' from command line to 'False'
[0.254s] DEBUG:colcon.colcon_core.verb:Building package 'walker' with the following arguments: {'ament_cmake_args': None, 'build_base': '/home/kashif/SDR/Warehouse-Autonomous-Robot-System/build/walker', 'catkin_cmake_args': None, 'catkin_skip_building_tests': False, 'cmake_args': None, 'cmake_clean_cache': False, 'cmake_clean_first': False, 'cmake_force_configure': False, 'cmake_target': None, 'cmake_target_skip_unavailable': False, 'install_base': '/home/kashif/SDR/Warehouse-Autonomous-Robot-System/install/walker', 'merge_install': False, 'path': '/home/kashif/SDR/Warehouse-Autonomous-Robot-System/walker', 'symlink_install': False, 'test_result_base': None}
[0.254s] INFO:colcon.colcon_core.executor:Executing jobs using 'parallel' executor
[0.255s] DEBUG:colcon.colcon_parallel_executor.executor.parallel:run_until_complete
[0.256s] INFO:colcon.colcon_ros.task.ament_cmake.build:Building ROS package in '/home/kashif/SDR/Warehouse-Autonomous-Robot-System/walker' with build type 'ament_cmake'
[0.256s] INFO:colcon.colcon_cmake.task.cmake.build:Building CMake package in '/home/kashif/SDR/Warehouse-Autonomous-Robot-System/walker'
[0.257s] INFO:colcon.colcon_core.plugin_system:Skipping extension 'colcon_core.shell.bat': Not used on non-Windows systems
[0.257s] INFO:colcon.colcon_core.shell:Skip shell extension 'powershell' for command environment: Not usable outside of PowerShell
[0.257s] DEBUG:colcon.colcon_core.shell:Skip shell extension 'dsv' for command environment
[0.265s] DEBUG:colcon.colcon_core.event_handler.log_command:Invoking command in '/home/kashif/SDR/Warehouse-Autonomous-Robot-System/build/walker': CMAKE_PREFIX_PATH=${CMAKE_PREFIX_PATH}:/opt/ros/humble /usr/bin/cmake /home/kashif/SDR/Warehouse-Autonomous-Robot-System/walker -DCMAKE_INSTALL_PREFIX=/home/kashif/SDR/Warehouse-Autonomous-Robot-System/install/walker
[1.146s] DEBUG:colcon.colcon_core.event_handler.log_command:Invoked command in '/home/kashif/SDR/Warehouse-Autonomous-Robot-System/build/walker' returned '0': CMAKE_PREFIX_PATH=${CMAKE_PREFIX_PATH}:/opt/ros/humble /usr/bin/cmake /home/kashif/SDR/Warehouse-Autonomous-Robot-System/walker -DCMAKE_INSTALL_PREFIX=/home/kashif/SDR/Warehouse-Autonomous-Robot-System/install/walker
[1.149s] DEBUG:colcon.colcon_core.event_handler.log_command:Invoking command in '/home/kashif/SDR/Warehouse-Autonomous-Robot-System/build/walker': CMAKE_PREFIX_PATH=${CMAKE_PREFIX_PATH}:/opt/ros/humble /usr/bin/cmake --build /home/kashif/SDR/Warehouse-Autonomous-Robot-System/build/walker -- -j20 -l20
[7.562s] DEBUG:colcon.colcon_core.event_handler.log_command:Invoked command in '/home/kashif/SDR/Warehouse-Autonomous-Robot-System/build/walker' returned '0': CMAKE_PREFIX_PATH=${CMAKE_PREFIX_PATH}:/opt/ros/humble /usr/bin/cmake --build /home/kashif/SDR/Warehouse-Autonomous-Robot-System/build/walker -- -j20 -l20
[7.595s] DEBUG:colcon.colcon_core.event_handler.log_command:Invoking command in '/home/kashif/SDR/Warehouse-Autonomous-Robot-System/build/walker': CMAKE_PREFIX_PATH=${CMAKE_PREFIX_PATH}:/opt/ros/humble /usr/bin/cmake --install /home/kashif/SDR/Warehouse-Autonomous-Robot-System/build/walker
[7.604s] Level 1:colcon.colcon_core.environment:create_environment_scripts_only(walker)
[7.604s] DEBUG:colcon.colcon_core.event_handler.log_command:Invoked command in '/home/kashif/SDR/Warehouse-Autonomous-Robot-System/build/walker' returned '0': CMAKE_PREFIX_PATH=${CMAKE_PREFIX_PATH}:/opt/ros/humble /usr/bin/cmake --install /home/kashif/SDR/Warehouse-Autonomous-Robot-System/build/walker
[7.605s] Level 1:colcon.colcon_core.environment:checking '/home/kashif/SDR/Warehouse-Autonomous-Robot-System/install/walker' for CMake module files
[7.606s] Level 1:colcon.colcon_core.environment:checking '/home/kashif/SDR/Warehouse-Autonomous-Robot-System/install/walker' for CMake config files
[7.606s] Level 1:colcon.colcon_core.shell:create_environment_hook('walker', 'cmake_prefix_path')
[7.606s] INFO:colcon.colcon_core.shell:Creating environment hook '/home/kashif/SDR/Warehouse-Autonomous-Robot-System/install/walker/share/walker/hook/cmake_prefix_path.ps1'
[7.606s] INFO:colcon.colcon_core.shell:Creating environment descriptor '/home/kashif/SDR/Warehouse-Autonomous-Robot-System/install/walker/share/walker/hook/cmake_prefix_path.dsv'
[7.607s] INFO:colcon.colcon_core.shell:Creating environment hook '/home/kashif/SDR/Warehouse-Autonomous-Robot-System/install/walker/share/walker/hook/cmake_prefix_path.sh'
[7.607s] Level 1:colcon.colcon_core.environment:checking '/home/kashif/SDR/Warehouse-Autonomous-Robot-System/install/walker/lib'
[7.607s] Level 1:colcon.colcon_core.environment:checking '/home/kashif/SDR/Warehouse-Autonomous-Robot-System/install/walker/bin'
[7.607s] Level 1:colcon.colcon_core.environment:checking '/home/kashif/SDR/Warehouse-Autonomous-Robot-System/install/walker/lib/pkgconfig/walker.pc'
[7.607s] Level 1:colcon.colcon_core.environment:checking '/home/kashif/SDR/Warehouse-Autonomous-Robot-System/install/walker/lib/python3.10/site-packages'
[7.608s] Level 1:colcon.colcon_core.environment:checking '/home/kashif/SDR/Warehouse-Autonomous-Robot-System/install/walker/bin'
[7.608s] INFO:colcon.colcon_core.shell:Creating package script '/home/kashif/SDR/Warehouse-Autonomous-Robot-System/install/walker/share/walker/package.ps1'
[7.608s] INFO:colcon.colcon_core.shell:Creating package descriptor '/home/kashif/SDR/Warehouse-Autonomous-Robot-System/install/walker/share/walker/package.dsv'
[7.608s] INFO:colcon.colcon_core.shell:Creating package script '/home/kashif/SDR/Warehouse-Autonomous-Robot-System/install/walker/share/walker/package.sh'
[7.609s] INFO:colcon.colcon_core.shell:Creating package script '/home/kashif/SDR/Warehouse-Autonomous-Robot-System/install/walker/share/walker/package.bash'
[7.609s] INFO:colcon.colcon_core.shell:Creating package script '/home/kashif/SDR/Warehouse-Autonomous-Robot-System/install/walker/share/walker/package.zsh'
[7.609s] Level 1:colcon.colcon_core.environment:create_file_with_runtime_dependencies(/home/kashif/SDR/Warehouse-Autonomous-Robot-System/install/walker/share/colcon-core/packages/walker)
[7.637s] Level 1:colcon.colcon_core.environment:create_environment_scripts_only(walker)
[7.637s] Level 1:colcon.colcon_core.environment:checking '/home/kashif/SDR/Warehouse-Autonomous-Robot-System/install/walker' for CMake module files
[7.637s] Level 1:colcon.colcon_core.environment:checking '/home/kashif/SDR/Warehouse-Autonomous-Robot-System/install/walker' for CMake config files
[7.637s] Level 1:colcon.colcon_core.shell:create_environment_hook('walker', 'cmake_prefix_path')
[7.637s] INFO:colcon.colcon_core.shell:Creating environment hook '/home/kashif/SDR/Warehouse-Autonomous-Robot-System/install/walker/share/walker/hook/cmake_prefix_path.ps1'
[7.638s] INFO:colcon.colcon_core.shell:Creating environment descriptor '/home/kashif/SDR/Warehouse-Autonomous-Robot-System/install/walker/share/walker/hook/cmake_prefix_path.dsv'
[7.638s] INFO:colcon.colcon_core.shell:Creating environment hook '/home/kashif/SDR/Warehouse-Autonomous-Robot-System/install/walker/share/walker/hook/cmake_prefix_path.sh'
[7.638s] Level 1:colcon.colcon_core.environment:checking '/home/kashif/SDR/Warehouse-Autonomous-Robot-System/install/walker/lib'
[7.638s] Level 1:colcon.colcon_core.environment:checking '/home/kashif/SDR/Warehouse-Autonomous-Robot-System/install/walker/bin'
[7.638s] Level 1:colcon.colcon_core.environment:checking '/home/kashif/SDR/Warehouse-Autonomous-Robot-System/install/walker/lib/pkgconfig/walker.pc'
[7.639s] Level 1:colcon.colcon_core.environment:checking '/home/kashif/SDR/Warehouse-Autonomous-Robot-System/install/walker/lib/python3.10/site-packages'
[7.639s] Level 1:colcon.colcon_core.environment:checking '/home/kashif/SDR/Warehouse-Autonomous-Robot-System/install/walker/bin'
[7.639s] INFO:colcon.colcon_core.shell:Creating package script '/home/kashif/SDR/Warehouse-Autonomous-Robot-System/install/walker/share/walker/package.ps1'
[7.639s] INFO:colcon.colcon_core.shell:Creating package descriptor '/home/kashif/SDR/Warehouse-Autonomous-Robot-System/install/walker/share/walker/package.dsv'
[7.640s] INFO:colcon.colcon_core.shell:Creating package script '/home/kashif/SDR/Warehouse-Autonomous-Robot-System/install/walker/share/walker/package.sh'
[7.640s] INFO:colcon.colcon_core.shell:Creating package script '/home/kashif/SDR/Warehouse-Autonomous-Robot-System/install/walker/share/walker/package.bash'
[7.640s] INFO:colcon.colcon_core.shell:Creating package script '/home/kashif/SDR/Warehouse-Autonomous-Robot-System/install/walker/share/walker/package.zsh'
[7.640s] Level 1:colcon.colcon_core.environment:create_file_with_runtime_dependencies(/home/kashif/SDR/Warehouse-Autonomous-Robot-System/install/walker/share/colcon-core/packages/walker)
[7.641s] DEBUG:colcon.colcon_parallel_executor.executor.parallel:closing loop
[7.641s] DEBUG:colcon.colcon_parallel_executor.executor.parallel:loop closed
[7.641s] DEBUG:colcon.colcon_parallel_executor.executor.parallel:run_until_complete finished with '0'
[7.641s] DEBUG:colcon.colcon_core.event_reactor:joining thread
[7.645s] INFO:colcon.colcon_core.plugin_system:Skipping extension 'colcon_notification.desktop_notification.terminal_notifier': Not used on non-Darwin systems
[7.645s] INFO:colcon.colcon_core.plugin_system:Skipping extension 'colcon_notification.desktop_notification.win32': Not used on non-Windows systems
[7.646s] INFO:colcon.colcon_notification.desktop_notification:Sending desktop notification using 'notify2'
[7.660s] DEBUG:colcon.colcon_core.event_reactor:joined thread
[7.660s] INFO:colcon.colcon_core.shell:Creating prefix script '/home/kashif/SDR/Warehouse-Autonomous-Robot-System/install/local_setup.ps1'
[7.662s] INFO:colcon.colcon_core.shell:Creating prefix util module '/home/kashif/SDR/Warehouse-Autonomous-Robot-System/install/_local_setup_util_ps1.py'
[7.663s] INFO:colcon.colcon_core.shell:Creating prefix chain script '/home/kashif/SDR/Warehouse-Autonomous-Robot-System/install/setup.ps1'
[7.663s] INFO:colcon.colcon_core.shell:Creating prefix script '/home/kashif/SDR/Warehouse-Autonomous-Robot-System/install/local_setup.sh'
[7.663s] INFO:colcon.colcon_core.shell:Creating prefix util module '/home/kashif/SDR/Warehouse-Autonomous-Robot-System/install/_local_setup_util_sh.py'
[7.664s] INFO:colcon.colcon_core.shell:Creating prefix chain script '/home/kashif/SDR/Warehouse-Autonomous-Robot-System/install/setup.sh'
[7.664s] INFO:colcon.colcon_core.shell:Creating prefix script '/home/kashif/SDR/Warehouse-Autonomous-Robot-System/install/local_setup.bash'
[7.664s] INFO:colcon.colcon_core.shell:Creating prefix chain script '/home/kashif/SDR/Warehouse-Autonomous-Robot-System/install/setup.bash'
[7.665s] INFO:colcon.colcon_core.shell:Creating prefix script '/home/kashif/SDR/Warehouse-Autonomous-Robot-System/install/local_setup.zsh'
[7.665s] INFO:colcon.colcon_core.shell:Creating prefix chain script '/home/kashif/SDR/Warehouse-Autonomous-Robot-System/install/setup.zsh'
